{
  "stats": {
    "suites": 1,
    "tests": 2,
    "passes": 1,
    "pending": 0,
    "failures": 1,
    "start": "2024-09-23T11:28:25.768Z",
    "end": "2024-09-23T11:28:26.101Z",
    "duration": 333,
    "testsRegistered": 2,
    "passPercent": 50,
    "pendingPercent": 0,
    "other": 0,
    "hasOther": false,
    "skipped": 0,
    "hasSkipped": false
  },
  "results": [
    {
      "uuid": "1e1d5131-abbd-4eac-a505-e7c91e4c30a1",
      "title": "",
      "fullFile": "cypress\\e2e\\AddEmployee_Naturalperson.cy.js",
      "file": "cypress\\e2e\\AddEmployee_Naturalperson.cy.js",
      "beforeHooks": [],
      "afterHooks": [],
      "tests": [],
      "suites": [
        {
          "uuid": "1aa6635c-5070-44f9-8ae5-71fb75f26fb3",
          "title": "Demo Test",
          "fullFile": "",
          "file": "",
          "beforeHooks": [],
          "afterHooks": [],
          "tests": [
            {
              "title": "TC_01 - Pass Test",
              "fullTitle": "Demo Test TC_01 - Pass Test",
              "timedOut": null,
              "duration": 22,
              "state": "passed",
              "speed": "fast",
              "pass": true,
              "fail": false,
              "pending": false,
              "context": null,
              "code": "expect(true).to.equal(true);",
              "err": {},
              "uuid": "2d6a944b-0ad8-44e7-8fd9-471bbec28e0c",
              "parentUUID": "1aa6635c-5070-44f9-8ae5-71fb75f26fb3",
              "isHook": false,
              "skipped": false
            },
            {
              "title": "TC_02 - Fail Test",
              "fullTitle": "Demo Test TC_02 - Fail Test",
              "timedOut": null,
              "duration": 245,
              "state": "failed",
              "speed": null,
              "pass": false,
              "fail": true,
              "pending": false,
              "context": null,
              "code": "expect(true).to.equal(false);",
              "err": {
                "message": "AssertionError: expected true to equal false",
                "estack": "AssertionError: expected true to equal false\n    at Context.eval (webpack://cypress-new-project/./cypress/e2e/AddEmployee_Naturalperson.cy.js:20:20)",
                "diff": null
              },
              "uuid": "14535e40-0451-4295-949e-7ef951d442c8",
              "parentUUID": "1aa6635c-5070-44f9-8ae5-71fb75f26fb3",
              "isHook": false,
              "skipped": false
            }
          ],
          "suites": [],
          "passes": [
            "2d6a944b-0ad8-44e7-8fd9-471bbec28e0c"
          ],
          "failures": [
            "14535e40-0451-4295-949e-7ef951d442c8"
          ],
          "pending": [],
          "skipped": [],
          "duration": 267,
          "root": false,
          "rootEmpty": false,
          "_timeout": 2000
        }
      ],
      "passes": [],
      "failures": [],
      "pending": [],
      "skipped": [],
      "duration": 0,
      "root": true,
      "rootEmpty": true,
      "_timeout": 2000
    }
  ],
  "meta": {
    "mocha": {
      "version": "7.0.1"
    },
    "mochawesome": {
      "options": {
        "quiet": false,
        "reportFilename": "mochawesome",
        "saveHtml": false,
        "saveJson": true,
        "consoleReporter": "spec",
        "useInlineDiffs": false,
        "code": true
      },
      "version": "7.1.3"
    },
    "marge": {
      "options": {
        "charts": true,
        "reportPageTitle": "SBCP ZA Cypress test report",
        "reportDir": "cypress\\reports\\ZA_report\\.jsons",
        "embeddedScreenshots": true,
        "inlineAssets": true,
        "saveAllAttempts": false,
        "overwrite": false,
        "html": false,
        "json": true
      },
      "version": "6.2.0"
    }
  }
}